2025-03-02 09:04:20,890 INFO: [31m[1mWARNING: This is a development server. Do not use it in a production deployment. Use a production WSGI server instead.[0m
 * Running on http://127.0.0.1:5000
2025-03-02 09:04:20,890 INFO: [33mPress CTRL+C to quit[0m
2025-03-02 09:04:20,890 INFO:  * Restarting with watchdog (windowsapi)
2025-03-02 09:04:22,689 WARNING:  * Debugger is active!
2025-03-02 09:04:22,689 INFO:  * Debugger PIN: 126-121-117
2025-03-02 09:05:11,553 INFO: [31m[1mWARNING: This is a development server. Do not use it in a production deployment. Use a production WSGI server instead.[0m
 * Running on http://127.0.0.1:5000
2025-03-02 09:05:11,553 INFO: [33mPress CTRL+C to quit[0m
2025-03-02 09:05:11,557 INFO:  * Restarting with watchdog (windowsapi)
2025-03-02 09:05:13,331 WARNING:  * Debugger is active!
2025-03-02 09:05:13,331 INFO:  * Debugger PIN: 126-121-117
2025-03-02 09:05:20,417 INFO: [31m[1mWARNING: This is a development server. Do not use it in a production deployment. Use a production WSGI server instead.[0m
 * Running on http://127.0.0.1:5000
2025-03-02 09:05:20,417 INFO: [33mPress CTRL+C to quit[0m
2025-03-02 09:05:20,424 INFO:  * Restarting with watchdog (windowsapi)
2025-03-02 09:05:22,219 WARNING:  * Debugger is active!
2025-03-02 09:05:22,219 INFO:  * Debugger PIN: 126-121-117
2025-03-02 11:42:23,441 INFO: [31m[1mWARNING: This is a development server. Do not use it in a production deployment. Use a production WSGI server instead.[0m
 * Running on http://127.0.0.1:5000
2025-03-02 11:42:23,441 INFO: [33mPress CTRL+C to quit[0m
2025-03-02 11:42:23,490 INFO:  * Restarting with watchdog (windowsapi)
2025-03-02 11:42:25,225 WARNING:  * Debugger is active!
2025-03-02 11:42:25,229 INFO:  * Debugger PIN: 550-490-599
2025-03-02 11:46:13,754 INFO: [31m[1mWARNING: This is a development server. Do not use it in a production deployment. Use a production WSGI server instead.[0m
 * Running on http://127.0.0.1:5000
2025-03-02 11:46:13,754 INFO: [33mPress CTRL+C to quit[0m
2025-03-02 11:46:13,759 INFO:  * Restarting with watchdog (windowsapi)
2025-03-02 11:46:15,558 WARNING:  * Debugger is active!
2025-03-02 11:46:15,560 INFO:  * Debugger PIN: 550-490-599
2025-03-02 11:48:26,194 INFO:  * Detected change in 'C:\\Users\\hgqh3\\OneDrive\\Desktop\\mlops\\templates\\test.py', reloading
2025-03-02 11:48:27,562 INFO:  * Restarting with watchdog (windowsapi)
2025-03-02 11:48:30,092 WARNING:  * Debugger is active!
2025-03-02 11:48:30,095 INFO:  * Debugger PIN: 550-490-599
2025-03-02 11:48:30,687 INFO:  * Detected change in 'C:\\Users\\hgqh3\\OneDrive\\Desktop\\mlops\\templates\\test.py', reloading
2025-03-02 11:48:30,687 INFO:  * Detected change in 'C:\\Users\\hgqh3\\OneDrive\\Desktop\\mlops\\templates\\test.py', reloading
2025-03-02 11:48:30,688 INFO:  * Detected change in 'C:\\Users\\hgqh3\\OneDrive\\Desktop\\mlops\\templates\\test.py', reloading
2025-03-02 11:48:31,452 INFO:  * Restarting with watchdog (windowsapi)
2025-03-02 11:48:33,359 WARNING:  * Debugger is active!
2025-03-02 11:48:33,362 INFO:  * Debugger PIN: 550-490-599
2025-03-02 11:49:14,877 INFO:  * Detected change in 'C:\\Users\\hgqh3\\OneDrive\\Desktop\\mlops\\templates\\test.py', reloading
2025-03-02 11:49:14,877 INFO:  * Detected change in 'C:\\Users\\hgqh3\\OneDrive\\Desktop\\mlops\\templates\\test.py', reloading
2025-03-02 11:49:14,878 INFO:  * Detected change in 'C:\\Users\\hgqh3\\OneDrive\\Desktop\\mlops\\templates\\test.py', reloading
2025-03-02 11:49:15,767 INFO:  * Restarting with watchdog (windowsapi)
2025-03-02 11:49:17,604 WARNING:  * Debugger is active!
2025-03-02 11:49:17,607 INFO:  * Debugger PIN: 550-490-599
2025-03-02 14:22:13,146 ERROR: Error loading model: name 'final_model_pipeline' is not defined
2025-03-02 14:22:13,211 INFO: [31m[1mWARNING: This is a development server. Do not use it in a production deployment. Use a production WSGI server instead.[0m
 * Running on http://127.0.0.1:5000
2025-03-02 14:22:13,211 INFO: [33mPress CTRL+C to quit[0m
2025-03-02 14:22:13,271 INFO:  * Restarting with watchdog (windowsapi)
2025-03-02 14:22:17,029 ERROR: Error loading model: name 'final_model_pipeline' is not defined
2025-03-02 14:22:17,035 WARNING:  * Debugger is active!
2025-03-02 14:22:17,038 INFO:  * Debugger PIN: 550-490-599
2025-03-02 14:25:33,460 INFO:  * Detected change in 'c:\\Users\\hgqh3\\OneDrive\\Desktop\\mlops\\app.py', reloading
2025-03-02 14:25:33,460 INFO:  * Detected change in 'c:\\Users\\hgqh3\\OneDrive\\Desktop\\mlops\\app.py', reloading
2025-03-02 14:25:33,460 INFO:  * Detected change in 'c:\\Users\\hgqh3\\OneDrive\\Desktop\\mlops\\app.py', reloading
2025-03-02 14:25:43,661 ERROR: Error loading model: name 'final_model_pipeline' is not defined
2025-03-02 14:25:43,672 INFO: [31m[1mWARNING: This is a development server. Do not use it in a production deployment. Use a production WSGI server instead.[0m
 * Running on http://127.0.0.1:8000
2025-03-02 14:25:43,672 INFO: [33mPress CTRL+C to quit[0m
2025-03-02 14:25:43,677 INFO:  * Restarting with watchdog (windowsapi)
2025-03-02 14:25:47,430 ERROR: Error loading model: name 'final_model_pipeline' is not defined
2025-03-02 14:25:47,437 WARNING:  * Debugger is active!
2025-03-02 14:25:47,440 INFO:  * Debugger PIN: 550-490-599
2025-03-02 14:27:53,093 INFO:  * Detected change in 'c:\\Users\\hgqh3\\OneDrive\\Desktop\\mlops\\app.py', reloading
2025-03-02 14:27:53,093 INFO:  * Detected change in 'c:\\Users\\hgqh3\\OneDrive\\Desktop\\mlops\\app.py', reloading
2025-03-02 14:27:53,093 INFO:  * Detected change in 'c:\\Users\\hgqh3\\OneDrive\\Desktop\\mlops\\app.py', reloading
2025-03-02 14:28:42,461 INFO: [31m[1mWARNING: This is a development server. Do not use it in a production deployment. Use a production WSGI server instead.[0m
 * Running on http://127.0.0.1:8000
2025-03-02 14:28:42,461 INFO: [33mPress CTRL+C to quit[0m
2025-03-02 14:28:42,468 INFO:  * Restarting with watchdog (windowsapi)
2025-03-02 14:28:44,270 WARNING:  * Debugger is active!
2025-03-02 14:28:44,272 INFO:  * Debugger PIN: 550-490-599
2025-03-02 14:29:08,844 INFO: [31m[1mWARNING: This is a development server. Do not use it in a production deployment. Use a production WSGI server instead.[0m
 * Running on http://127.0.0.1:8000
2025-03-02 14:29:08,844 INFO: [33mPress CTRL+C to quit[0m
2025-03-02 14:29:08,850 INFO:  * Restarting with watchdog (windowsapi)
2025-03-02 14:29:10,671 WARNING:  * Debugger is active!
2025-03-02 14:29:10,672 INFO:  * Debugger PIN: 550-490-599
2025-03-02 14:31:30,129 ERROR: Prediction error: 'numpy.ndarray' object has no attribute 'predict'
2025-03-02 14:31:30,130 INFO: 127.0.0.1 - - [02/Mar/2025 14:31:30] "POST /predict HTTP/1.1" 200 -
2025-03-02 14:35:11,547 INFO:  * Detected change in 'C:\\Users\\hgqh3\\OneDrive\\Desktop\\mlops\\app.py', reloading
2025-03-02 14:35:11,548 INFO:  * Detected change in 'C:\\Users\\hgqh3\\OneDrive\\Desktop\\mlops\\app.py', reloading
2025-03-02 14:35:11,548 INFO:  * Detected change in 'C:\\Users\\hgqh3\\OneDrive\\Desktop\\mlops\\app.py', reloading
2025-03-02 14:35:16,742 ERROR: Model file 'final_model_pipeline' not found at: c:\Users\hgqh3\OneDrive\Desktop\mlops\final_model_pipeline
2025-03-02 14:35:16,757 INFO: [31m[1mWARNING: This is a development server. Do not use it in a production deployment. Use a production WSGI server instead.[0m
 * Running on http://127.0.0.1:8000
2025-03-02 14:35:16,757 INFO: [33mPress CTRL+C to quit[0m
2025-03-02 14:35:16,763 INFO:  * Restarting with watchdog (windowsapi)
2025-03-02 14:35:17,272 ERROR: Model file 'final_model_pipeline' not found at: c:\Users\hgqh3\OneDrive\Desktop\mlops\final_model_pipeline
2025-03-02 14:35:17,281 WARNING:  * Debugger is active!
2025-03-02 14:35:17,283 INFO:  * Debugger PIN: 550-490-599
2025-03-02 14:35:27,076 ERROR: Prediction error: Model 'final_model_pipeline' not found. Please check the file path.
2025-03-02 14:35:27,076 INFO: 127.0.0.1 - - [02/Mar/2025 14:35:27] "POST /predict HTTP/1.1" 200 -
2025-03-02 14:36:34,103 INFO:  * Detected change in 'C:\\Program Files\\WindowsApps\\PythonSoftwareFoundation.Python.3.11_3.11.2544.0_x64__qbz5n2kfra8p0\\Lib\\site-packages\\pip\\__init__.py', reloading
2025-03-02 14:36:34,113 INFO:  * Detected change in 'C:\\Program Files\\WindowsApps\\PythonSoftwareFoundation.Python.3.11_3.11.2544.0_x64__qbz5n2kfra8p0\\Lib\\site-packages\\pip\\__main__.py', reloading
2025-03-02 14:36:34,121 INFO:  * Detected change in 'C:\\Program Files\\WindowsApps\\PythonSoftwareFoundation.Python.3.11_3.11.2544.0_x64__qbz5n2kfra8p0\\Lib\\site-packages\\pip\\_internal\\__init__.py', reloading
2025-03-02 14:36:34,135 INFO:  * Detected change in 'C:\\Program Files\\WindowsApps\\PythonSoftwareFoundation.Python.3.11_3.11.2544.0_x64__qbz5n2kfra8p0\\Lib\\site-packages\\pip\\_internal\\utils\\_log.py', reloading
2025-03-02 14:36:34,147 INFO:  * Detected change in 'C:\\Program Files\\WindowsApps\\PythonSoftwareFoundation.Python.3.11_3.11.2544.0_x64__qbz5n2kfra8p0\\Lib\\site-packages\\pip\\_internal\\cli\\__init__.py', reloading
2025-03-02 14:36:34,158 INFO:  * Detected change in 'C:\\Program Files\\WindowsApps\\PythonSoftwareFoundation.Python.3.11_3.11.2544.0_x64__qbz5n2kfra8p0\\Lib\\site-packages\\pip\\_internal\\cli\\main.py', reloading
2025-03-02 14:36:34,169 INFO:  * Detected change in 'C:\\Program Files\\WindowsApps\\PythonSoftwareFoundation.Python.3.11_3.11.2544.0_x64__qbz5n2kfra8p0\\Lib\\site-packages\\pip\\_internal\\cli\\autocompletion.py', reloading
2025-03-02 14:36:34,181 INFO:  * Detected change in 'C:\\Program Files\\WindowsApps\\PythonSoftwareFoundation.Python.3.11_3.11.2544.0_x64__qbz5n2kfra8p0\\Lib\\optparse.py', reloading
2025-03-02 14:36:34,194 INFO:  * Detected change in 'C:\\Program Files\\WindowsApps\\PythonSoftwareFoundation.Python.3.11_3.11.2544.0_x64__qbz5n2kfra8p0\\Lib\\site-packages\\pip\\_internal\\cli\\main_parser.py', reloading
2025-03-02 14:36:34,206 INFO:  * Detected change in 'C:\\Program Files\\WindowsApps\\PythonSoftwareFoundation.Python.3.11_3.11.2544.0_x64__qbz5n2kfra8p0\\Lib\\site-packages\\pip\\_internal\\build_env.py', reloading
2025-03-02 14:36:34,222 INFO:  * Detected change in 'C:\\Program Files\\WindowsApps\\PythonSoftwareFoundation.Python.3.11_3.11.2544.0_x64__qbz5n2kfra8p0\\Lib\\site-packages\\pip\\_vendor\\__init__.py', reloading
2025-03-02 14:36:34,232 INFO:  * Detected change in 'C:\\Program Files\\WindowsApps\\PythonSoftwareFoundation.Python.3.11_3.11.2544.0_x64__qbz5n2kfra8p0\\Lib\\site-packages\\pip\\_vendor\\certifi\\__init__.py', reloading
2025-03-02 14:36:34,242 INFO:  * Detected change in 'C:\\Program Files\\WindowsApps\\PythonSoftwareFoundation.Python.3.11_3.11.2544.0_x64__qbz5n2kfra8p0\\Lib\\site-packages\\pip\\_vendor\\certifi\\core.py', reloading
2025-03-02 14:36:34,275 INFO:  * Detected change in 'C:\\Program Files\\WindowsApps\\PythonSoftwareFoundation.Python.3.11_3.11.2544.0_x64__qbz5n2kfra8p0\\Lib\\site-packages\\pip\\_vendor\\packaging\\requirements.py', reloading
2025-03-02 14:36:34,285 INFO:  * Detected change in 'C:\\Program Files\\WindowsApps\\PythonSoftwareFoundation.Python.3.11_3.11.2544.0_x64__qbz5n2kfra8p0\\Lib\\site-packages\\pip\\_vendor\\pyparsing\\__init__.py', reloading
2025-03-02 14:36:34,297 INFO:  * Detected change in 'C:\\Program Files\\WindowsApps\\PythonSoftwareFoundation.Python.3.11_3.11.2544.0_x64__qbz5n2kfra8p0\\Lib\\site-packages\\pip\\_vendor\\pyparsing\\util.py', reloading
2025-03-02 14:36:34,313 INFO:  * Detected change in 'C:\\Program Files\\WindowsApps\\PythonSoftwareFoundation.Python.3.11_3.11.2544.0_x64__qbz5n2kfra8p0\\Lib\\site-packages\\pip\\_vendor\\pyparsing\\exceptions.py', reloading
2025-03-02 14:36:34,322 INFO:  * Detected change in 'C:\\Program Files\\WindowsApps\\PythonSoftwareFoundation.Python.3.11_3.11.2544.0_x64__qbz5n2kfra8p0\\Lib\\site-packages\\pip\\_vendor\\pyparsing\\unicode.py', reloading
2025-03-02 14:36:34,333 INFO:  * Detected change in 'C:\\Program Files\\WindowsApps\\PythonSoftwareFoundation.Python.3.11_3.11.2544.0_x64__qbz5n2kfra8p0\\Lib\\site-packages\\pip\\_vendor\\pyparsing\\actions.py', reloading
2025-03-02 14:36:34,345 INFO:  * Detected change in 'C:\\Program Files\\WindowsApps\\PythonSoftwareFoundation.Python.3.11_3.11.2544.0_x64__qbz5n2kfra8p0\\Lib\\site-packages\\pip\\_vendor\\pyparsing\\core.py', reloading
2025-03-02 14:36:34,358 INFO:  * Detected change in 'C:\\Program Files\\WindowsApps\\PythonSoftwareFoundation.Python.3.11_3.11.2544.0_x64__qbz5n2kfra8p0\\Lib\\site-packages\\pip\\_vendor\\pyparsing\\results.py', reloading
2025-03-02 14:36:34,376 INFO:  * Detected change in 'C:\\Program Files\\WindowsApps\\PythonSoftwareFoundation.Python.3.11_3.11.2544.0_x64__qbz5n2kfra8p0\\Lib\\site-packages\\pip\\_vendor\\pyparsing\\helpers.py', reloading
2025-03-02 14:36:34,391 INFO:  * Detected change in 'C:\\Program Files\\WindowsApps\\PythonSoftwareFoundation.Python.3.11_3.11.2544.0_x64__qbz5n2kfra8p0\\Lib\\site-packages\\pip\\_vendor\\pyparsing\\testing.py', reloading
2025-03-02 14:36:34,401 INFO:  * Detected change in 'C:\\Program Files\\WindowsApps\\PythonSoftwareFoundation.Python.3.11_3.11.2544.0_x64__qbz5n2kfra8p0\\Lib\\site-packages\\pip\\_vendor\\pyparsing\\common.py', reloading
2025-03-02 14:36:34,414 INFO:  * Detected change in 'C:\\Program Files\\WindowsApps\\PythonSoftwareFoundation.Python.3.11_3.11.2544.0_x64__qbz5n2kfra8p0\\Lib\\site-packages\\pip\\_vendor\\packaging\\markers.py', reloading
2025-03-02 14:36:34,469 INFO:  * Detected change in 'C:\\Program Files\\WindowsApps\\PythonSoftwareFoundation.Python.3.11_3.11.2544.0_x64__qbz5n2kfra8p0\\Lib\\site-packages\\pip\\_internal\\cli\\spinners.py', reloading
2025-03-02 14:36:34,478 INFO:  * Detected change in 'C:\\Program Files\\WindowsApps\\PythonSoftwareFoundation.Python.3.11_3.11.2544.0_x64__qbz5n2kfra8p0\\Lib\\site-packages\\pip\\_internal\\utils\\compat.py', reloading
2025-03-02 14:36:34,490 INFO:  * Detected change in 'C:\\Program Files\\WindowsApps\\PythonSoftwareFoundation.Python.3.11_3.11.2544.0_x64__qbz5n2kfra8p0\\Lib\\site-packages\\pip\\_internal\\utils\\logging.py', reloading
2025-03-02 14:36:34,510 INFO:  * Detected change in 'C:\\Program Files\\WindowsApps\\PythonSoftwareFoundation.Python.3.11_3.11.2544.0_x64__qbz5n2kfra8p0\\Lib\\site-packages\\pip\\_vendor\\rich\\__init__.py', reloading
2025-03-02 14:36:34,529 INFO:  * Detected change in 'C:\\Program Files\\WindowsApps\\PythonSoftwareFoundation.Python.3.11_3.11.2544.0_x64__qbz5n2kfra8p0\\Lib\\site-packages\\pip\\_vendor\\rich\\_extension.py', reloading
2025-03-02 14:36:34,542 INFO:  * Detected change in 'C:\\Program Files\\WindowsApps\\PythonSoftwareFoundation.Python.3.11_3.11.2544.0_x64__qbz5n2kfra8p0\\Lib\\site-packages\\pip\\_vendor\\rich\\console.py', reloading
2025-03-02 14:36:34,554 INFO:  * Detected change in 'C:\\Program Files\\WindowsApps\\PythonSoftwareFoundation.Python.3.11_3.11.2544.0_x64__qbz5n2kfra8p0\\Lib\\site-packages\\pip\\_vendor\\rich\\_null_file.py', reloading
2025-03-02 14:36:34,561 INFO:  * Detected change in 'C:\\Program Files\\WindowsApps\\PythonSoftwareFoundation.Python.3.11_3.11.2544.0_x64__qbz5n2kfra8p0\\Lib\\site-packages\\pip\\_vendor\\rich\\errors.py', reloading
2025-03-02 14:36:34,570 INFO:  * Detected change in 'C:\\Program Files\\WindowsApps\\PythonSoftwareFoundation.Python.3.11_3.11.2544.0_x64__qbz5n2kfra8p0\\Lib\\site-packages\\pip\\_vendor\\rich\\themes.py', reloading
2025-03-02 14:36:34,578 INFO:  * Detected change in 'C:\\Program Files\\WindowsApps\\PythonSoftwareFoundation.Python.3.11_3.11.2544.0_x64__qbz5n2kfra8p0\\Lib\\site-packages\\pip\\_vendor\\rich\\default_styles.py', reloading
2025-03-02 14:36:34,592 INFO:  * Detected change in 'C:\\Program Files\\WindowsApps\\PythonSoftwareFoundation.Python.3.11_3.11.2544.0_x64__qbz5n2kfra8p0\\Lib\\site-packages\\pip\\_vendor\\rich\\style.py', reloading
2025-03-02 14:36:34,601 INFO:  * Detected change in 'C:\\Program Files\\WindowsApps\\PythonSoftwareFoundation.Python.3.11_3.11.2544.0_x64__qbz5n2kfra8p0\\Lib\\site-packages\\pip\\_vendor\\rich\\color.py', reloading
2025-03-02 14:36:34,611 INFO:  * Detected change in 'C:\\Program Files\\WindowsApps\\PythonSoftwareFoundation.Python.3.11_3.11.2544.0_x64__qbz5n2kfra8p0\\Lib\\site-packages\\pip\\_vendor\\rich\\_palettes.py', reloading
2025-03-02 14:36:34,620 INFO:  * Detected change in 'C:\\Program Files\\WindowsApps\\PythonSoftwareFoundation.Python.3.11_3.11.2544.0_x64__qbz5n2kfra8p0\\Lib\\site-packages\\pip\\_vendor\\rich\\palette.py', reloading
2025-03-02 14:36:34,628 INFO:  * Detected change in 'C:\\Program Files\\WindowsApps\\PythonSoftwareFoundation.Python.3.11_3.11.2544.0_x64__qbz5n2kfra8p0\\Lib\\site-packages\\pip\\_vendor\\rich\\color_triplet.py', reloading
2025-03-02 14:36:34,637 INFO:  * Detected change in 'C:\\Program Files\\WindowsApps\\PythonSoftwareFoundation.Python.3.11_3.11.2544.0_x64__qbz5n2kfra8p0\\Lib\\site-packages\\pip\\_vendor\\rich\\repr.py', reloading
2025-03-02 14:36:34,646 INFO:  * Detected change in 'C:\\Program Files\\WindowsApps\\PythonSoftwareFoundation.Python.3.11_3.11.2544.0_x64__qbz5n2kfra8p0\\Lib\\site-packages\\pip\\_vendor\\rich\\terminal_theme.py', reloading
2025-03-02 14:36:34,669 INFO:  * Detected change in 'C:\\Program Files\\WindowsApps\\PythonSoftwareFoundation.Python.3.11_3.11.2544.0_x64__qbz5n2kfra8p0\\Lib\\site-packages\\pip\\_vendor\\rich\\theme.py', reloading
2025-03-02 14:36:34,730 INFO:  * Restarting with watchdog (windowsapi)
2025-03-02 14:36:35,263 ERROR: Model file 'final_model_pipeline' not found at: c:\Users\hgqh3\OneDrive\Desktop\mlops\final_model_pipeline
2025-03-02 14:36:35,272 WARNING:  * Debugger is active!
2025-03-02 14:36:35,275 INFO:  * Debugger PIN: 550-490-599
2025-03-02 14:36:35,311 INFO:  * Detected change in 'C:\\Program Files\\WindowsApps\\PythonSoftwareFoundation.Python.3.11_3.11.2544.0_x64__qbz5n2kfra8p0\\Lib\\site-packages\\pip\\_vendor\\pygments\\util.py', reloading
2025-03-02 14:36:35,325 INFO:  * Detected change in 'C:\\Program Files\\WindowsApps\\PythonSoftwareFoundation.Python.3.11_3.11.2544.0_x64__qbz5n2kfra8p0\\Lib\\site-packages\\pip\\_vendor\\pygments\\token.py', reloading
2025-03-02 14:36:35,337 INFO:  * Detected change in 'C:\\Program Files\\WindowsApps\\PythonSoftwareFoundation.Python.3.11_3.11.2544.0_x64__qbz5n2kfra8p0\\Lib\\site-packages\\pip\\_vendor\\rich\\columns.py', reloading
2025-03-02 14:36:35,349 INFO:  * Detected change in 'C:\\Program Files\\WindowsApps\\PythonSoftwareFoundation.Python.3.11_3.11.2544.0_x64__qbz5n2kfra8p0\\Lib\\site-packages\\pip\\_vendor\\rich\\syntax.py', reloading
2025-03-02 14:36:35,361 INFO:  * Detected change in 'C:\\Program Files\\WindowsApps\\PythonSoftwareFoundation.Python.3.11_3.11.2544.0_x64__qbz5n2kfra8p0\\Lib\\site-packages\\pip\\_vendor\\pygments\\lexer.py', reloading
2025-03-02 14:36:35,375 INFO:  * Detected change in 'C:\\Program Files\\WindowsApps\\PythonSoftwareFoundation.Python.3.11_3.11.2544.0_x64__qbz5n2kfra8p0\\Lib\\site-packages\\pip\\_vendor\\pygments\\filter.py', reloading
2025-03-02 14:36:35,388 INFO:  * Detected change in 'C:\\Program Files\\WindowsApps\\PythonSoftwareFoundation.Python.3.11_3.11.2544.0_x64__qbz5n2kfra8p0\\Lib\\site-packages\\pip\\_vendor\\pygments\\filters\\__init__.py', reloading
2025-03-02 14:36:35,398 INFO:  * Detected change in 'C:\\Program Files\\WindowsApps\\PythonSoftwareFoundation.Python.3.11_3.11.2544.0_x64__qbz5n2kfra8p0\\Lib\\site-packages\\pip\\_vendor\\pygments\\regexopt.py', reloading
2025-03-02 14:36:35,408 INFO:  * Detected change in 'C:\\Program Files\\WindowsApps\\PythonSoftwareFoundation.Python.3.11_3.11.2544.0_x64__qbz5n2kfra8p0\\Lib\\site-packages\\pip\\_vendor\\pygments\\style.py', reloading
2025-03-02 14:36:35,418 INFO:  * Detected change in 'C:\\Program Files\\WindowsApps\\PythonSoftwareFoundation.Python.3.11_3.11.2544.0_x64__qbz5n2kfra8p0\\Lib\\site-packages\\pip\\_vendor\\pygments\\styles\\__init__.py', reloading
2025-03-02 14:36:35,434 INFO:  * Detected change in 'C:\\Program Files\\WindowsApps\\PythonSoftwareFoundation.Python.3.11_3.11.2544.0_x64__qbz5n2kfra8p0\\Lib\\site-packages\\pip\\_internal\\utils\\deprecation.py', reloading
2025-03-02 14:36:35,446 INFO:  * Detected change in 'C:\\Program Files\\WindowsApps\\PythonSoftwareFoundation.Python.3.11_3.11.2544.0_x64__qbz5n2kfra8p0\\Lib\\site-packages\\pip\\_internal\\utils\\misc.py', reloading
2025-03-02 14:36:35,461 INFO:  * Detected change in 'C:\\Program Files\\WindowsApps\\PythonSoftwareFoundation.Python.3.11_3.11.2544.0_x64__qbz5n2kfra8p0\\Lib\\site-packages\\pip\\_vendor\\pyproject_hooks\\__init__.py', reloading
2025-03-02 14:36:35,471 INFO:  * Detected change in 'C:\\Program Files\\WindowsApps\\PythonSoftwareFoundation.Python.3.11_3.11.2544.0_x64__qbz5n2kfra8p0\\Lib\\site-packages\\pip\\_vendor\\pyproject_hooks\\_impl.py', reloading
2025-03-02 14:36:35,484 INFO:  * Detected change in 'C:\\Program Files\\WindowsApps\\PythonSoftwareFoundation.Python.3.11_3.11.2544.0_x64__qbz5n2kfra8p0\\Lib\\site-packages\\pip\\_vendor\\pyproject_hooks\\_in_process\\__init__.py', reloading
2025-03-02 14:36:35,498 INFO:  * Detected change in 'C:\\Program Files\\WindowsApps\\PythonSoftwareFoundation.Python.3.11_3.11.2544.0_x64__qbz5n2kfra8p0\\Lib\\site-packages\\pip\\_vendor\\tenacity\\__init__.py', reloading
2025-03-02 14:36:35,511 INFO:  * Detected change in 'C:\\Program Files\\WindowsApps\\PythonSoftwareFoundation.Python.3.11_3.11.2544.0_x64__qbz5n2kfra8p0\\Lib\\site-packages\\pip\\_vendor\\tenacity\\retry.py', reloading
2025-03-02 14:36:35,521 INFO:  * Detected change in 'C:\\Program Files\\WindowsApps\\PythonSoftwareFoundation.Python.3.11_3.11.2544.0_x64__qbz5n2kfra8p0\\Lib\\site-packages\\pip\\_vendor\\tenacity\\nap.py', reloading
2025-03-02 14:36:35,531 INFO:  * Detected change in 'C:\\Program Files\\WindowsApps\\PythonSoftwareFoundation.Python.3.11_3.11.2544.0_x64__qbz5n2kfra8p0\\Lib\\site-packages\\pip\\_vendor\\tenacity\\stop.py', reloading
2025-03-02 14:36:35,542 INFO:  * Detected change in 'C:\\Program Files\\WindowsApps\\PythonSoftwareFoundation.Python.3.11_3.11.2544.0_x64__qbz5n2kfra8p0\\Lib\\site-packages\\pip\\_vendor\\tenacity\\_utils.py', reloading
2025-03-02 14:36:35,554 INFO:  * Detected change in 'C:\\Program Files\\WindowsApps\\PythonSoftwareFoundation.Python.3.11_3.11.2544.0_x64__qbz5n2kfra8p0\\Lib\\site-packages\\pip\\_vendor\\tenacity\\wait.py', reloading
2025-03-02 14:36:35,564 INFO:  * Detected change in 'C:\\Program Files\\WindowsApps\\PythonSoftwareFoundation.Python.3.11_3.11.2544.0_x64__qbz5n2kfra8p0\\Lib\\site-packages\\pip\\_vendor\\tenacity\\before.py', reloading
2025-03-02 14:36:35,574 INFO:  * Detected change in 'C:\\Program Files\\WindowsApps\\PythonSoftwareFoundation.Python.3.11_3.11.2544.0_x64__qbz5n2kfra8p0\\Lib\\site-packages\\pip\\_vendor\\tenacity\\after.py', reloading
2025-03-02 14:36:35,584 INFO:  * Detected change in 'C:\\Program Files\\WindowsApps\\PythonSoftwareFoundation.Python.3.11_3.11.2544.0_x64__qbz5n2kfra8p0\\Lib\\site-packages\\pip\\_vendor\\tenacity\\before_sleep.py', reloading
2025-03-02 14:36:35,597 INFO:  * Detected change in 'C:\\Program Files\\WindowsApps\\PythonSoftwareFoundation.Python.3.11_3.11.2544.0_x64__qbz5n2kfra8p0\\Lib\\site-packages\\pip\\_vendor\\tenacity\\_asyncio.py', reloading
2025-03-02 14:36:35,634 INFO:  * Detected change in 'C:\\Program Files\\WindowsApps\\PythonSoftwareFoundation.Python.3.11_3.11.2544.0_x64__qbz5n2kfra8p0\\Lib\\site-packages\\pip\\_internal\\exceptions.py', reloading
2025-03-02 14:36:35,645 INFO:  * Detected change in 'C:\\Program Files\\WindowsApps\\PythonSoftwareFoundation.Python.3.11_3.11.2544.0_x64__qbz5n2kfra8p0\\Lib\\site-packages\\pip\\_vendor\\requests\\__init__.py', reloading
2025-03-02 14:36:35,659 INFO:  * Detected change in 'C:\\Program Files\\WindowsApps\\PythonSoftwareFoundation.Python.3.11_3.11.2544.0_x64__qbz5n2kfra8p0\\Lib\\site-packages\\pip\\_vendor\\urllib3\\__init__.py', reloading
2025-03-02 14:36:35,669 INFO:  * Detected change in 'C:\\Program Files\\WindowsApps\\PythonSoftwareFoundation.Python.3.11_3.11.2544.0_x64__qbz5n2kfra8p0\\Lib\\site-packages\\pip\\_vendor\\urllib3\\exceptions.py', reloading
2025-03-02 14:36:35,686 INFO:  * Detected change in 'C:\\Program Files\\WindowsApps\\PythonSoftwareFoundation.Python.3.11_3.11.2544.0_x64__qbz5n2kfra8p0\\Lib\\site-packages\\pip\\_vendor\\urllib3\\packages\\six.py', reloading
2025-03-02 14:36:35,706 INFO:  * Detected change in 'C:\\Program Files\\WindowsApps\\PythonSoftwareFoundation.Python.3.11_3.11.2544.0_x64__qbz5n2kfra8p0\\Lib\\site-packages\\pip\\_vendor\\urllib3\\_version.py', reloading
2025-03-02 14:36:35,719 INFO:  * Detected change in 'C:\\Program Files\\WindowsApps\\PythonSoftwareFoundation.Python.3.11_3.11.2544.0_x64__qbz5n2kfra8p0\\Lib\\site-packages\\pip\\_vendor\\urllib3\\connectionpool.py', reloading
2025-03-02 14:36:35,731 INFO:  * Detected change in 'C:\\Program Files\\WindowsApps\\PythonSoftwareFoundation.Python.3.11_3.11.2544.0_x64__qbz5n2kfra8p0\\Lib\\site-packages\\pip\\_vendor\\urllib3\\connection.py', reloading
2025-03-02 14:36:35,740 INFO:  * Detected change in 'C:\\Program Files\\WindowsApps\\PythonSoftwareFoundation.Python.3.11_3.11.2544.0_x64__qbz5n2kfra8p0\\Lib\\site-packages\\pip\\_vendor\\urllib3\\util\\__init__.py', reloading
2025-03-02 14:36:35,752 INFO:  * Detected change in 'C:\\Program Files\\WindowsApps\\PythonSoftwareFoundation.Python.3.11_3.11.2544.0_x64__qbz5n2kfra8p0\\Lib\\site-packages\\pip\\_vendor\\urllib3\\util\\connection.py', reloading
2025-03-02 14:36:35,767 INFO:  * Detected change in 'C:\\Program Files\\WindowsApps\\PythonSoftwareFoundation.Python.3.11_3.11.2544.0_x64__qbz5n2kfra8p0\\Lib\\site-packages\\pip\\_vendor\\urllib3\\contrib\\_appengine_environ.py', reloading
2025-03-02 14:36:35,778 INFO:  * Detected change in 'C:\\Program Files\\WindowsApps\\PythonSoftwareFoundation.Python.3.11_3.11.2544.0_x64__qbz5n2kfra8p0\\Lib\\site-packages\\pip\\_vendor\\urllib3\\util\\wait.py', reloading
2025-03-02 14:36:35,787 INFO:  * Detected change in 'C:\\Program Files\\WindowsApps\\PythonSoftwareFoundation.Python.3.11_3.11.2544.0_x64__qbz5n2kfra8p0\\Lib\\site-packages\\pip\\_vendor\\urllib3\\util\\request.py', reloading
2025-03-02 14:36:35,797 INFO:  * Detected change in 'C:\\Program Files\\WindowsApps\\PythonSoftwareFoundation.Python.3.11_3.11.2544.0_x64__qbz5n2kfra8p0\\Lib\\site-packages\\pip\\_vendor\\urllib3\\util\\response.py', reloading
2025-03-02 14:36:35,808 INFO:  * Detected change in 'C:\\Program Files\\WindowsApps\\PythonSoftwareFoundation.Python.3.11_3.11.2544.0_x64__qbz5n2kfra8p0\\Lib\\site-packages\\pip\\_vendor\\urllib3\\util\\retry.py', reloading
2025-03-02 14:36:35,818 INFO:  * Detected change in 'C:\\Program Files\\WindowsApps\\PythonSoftwareFoundation.Python.3.11_3.11.2544.0_x64__qbz5n2kfra8p0\\Lib\\site-packages\\pip\\_vendor\\urllib3\\util\\ssl_.py', reloading
2025-03-02 14:36:35,830 INFO:  * Detected change in 'C:\\Program Files\\WindowsApps\\PythonSoftwareFoundation.Python.3.11_3.11.2544.0_x64__qbz5n2kfra8p0\\Lib\\site-packages\\pip\\_vendor\\urllib3\\util\\url.py', reloading
2025-03-02 14:36:35,846 INFO:  * Detected change in 'C:\\Program Files\\WindowsApps\\PythonSoftwareFoundation.Python.3.11_3.11.2544.0_x64__qbz5n2kfra8p0\\Lib\\site-packages\\pip\\_vendor\\urllib3\\util\\ssltransport.py', reloading
2025-03-02 14:36:35,856 INFO:  * Detected change in 'C:\\Program Files\\WindowsApps\\PythonSoftwareFoundation.Python.3.11_3.11.2544.0_x64__qbz5n2kfra8p0\\Lib\\site-packages\\pip\\_vendor\\urllib3\\util\\timeout.py', reloading
2025-03-02 14:36:35,865 INFO:  * Detected change in 'C:\\Program Files\\WindowsApps\\PythonSoftwareFoundation.Python.3.11_3.11.2544.0_x64__qbz5n2kfra8p0\\Lib\\site-packages\\pip\\_vendor\\urllib3\\util\\proxy.py', reloading
2025-03-02 14:36:35,875 INFO:  * Detected change in 'C:\\Program Files\\WindowsApps\\PythonSoftwareFoundation.Python.3.11_3.11.2544.0_x64__qbz5n2kfra8p0\\Lib\\site-packages\\pip\\_vendor\\urllib3\\_collections.py', reloading
2025-03-02 14:36:35,886 INFO:  * Detected change in 'C:\\Program Files\\WindowsApps\\PythonSoftwareFoundation.Python.3.11_3.11.2544.0_x64__qbz5n2kfra8p0\\Lib\\site-packages\\pip\\_vendor\\urllib3\\util\\ssl_match_hostname.py', reloading
2025-03-02 14:36:35,896 INFO:  * Detected change in 'C:\\Program Files\\WindowsApps\\PythonSoftwareFoundation.Python.3.11_3.11.2544.0_x64__qbz5n2kfra8p0\\Lib\\site-packages\\pip\\_vendor\\urllib3\\request.py', reloading
2025-03-02 14:36:35,906 INFO:  * Detected change in 'C:\\Program Files\\WindowsApps\\PythonSoftwareFoundation.Python.3.11_3.11.2544.0_x64__qbz5n2kfra8p0\\Lib\\site-packages\\pip\\_vendor\\urllib3\\filepost.py', reloading
2025-03-02 14:36:35,917 INFO:  * Detected change in 'C:\\Program Files\\WindowsApps\\PythonSoftwareFoundation.Python.3.11_3.11.2544.0_x64__qbz5n2kfra8p0\\Lib\\site-packages\\pip\\_vendor\\urllib3\\fields.py', reloading
2025-03-02 14:36:35,928 INFO:  * Detected change in 'C:\\Program Files\\WindowsApps\\PythonSoftwareFoundation.Python.3.11_3.11.2544.0_x64__qbz5n2kfra8p0\\Lib\\site-packages\\pip\\_vendor\\urllib3\\response.py', reloading
2025-03-02 14:36:35,938 INFO:  * Detected change in 'C:\\Program Files\\WindowsApps\\PythonSoftwareFoundation.Python.3.11_3.11.2544.0_x64__qbz5n2kfra8p0\\Lib\\site-packages\\pip\\_vendor\\urllib3\\util\\queue.py', reloading
2025-03-02 14:36:35,948 INFO:  * Detected change in 'C:\\Program Files\\WindowsApps\\PythonSoftwareFoundation.Python.3.11_3.11.2544.0_x64__qbz5n2kfra8p0\\Lib\\site-packages\\pip\\_vendor\\urllib3\\poolmanager.py', reloading
2025-03-02 14:36:35,959 INFO:  * Detected change in 'C:\\Program Files\\WindowsApps\\PythonSoftwareFoundation.Python.3.11_3.11.2544.0_x64__qbz5n2kfra8p0\\Lib\\site-packages\\pip\\_vendor\\requests\\exceptions.py', reloading
2025-03-02 14:36:35,969 INFO:  * Detected change in 'C:\\Program Files\\WindowsApps\\PythonSoftwareFoundation.Python.3.11_3.11.2544.0_x64__qbz5n2kfra8p0\\Lib\\site-packages\\pip\\_vendor\\requests\\compat.py', reloading
2025-03-02 14:36:35,980 INFO:  * Detected change in 'C:\\Program Files\\WindowsApps\\PythonSoftwareFoundation.Python.3.11_3.11.2544.0_x64__qbz5n2kfra8p0\\Lib\\site-packages\\pip\\_vendor\\chardet\\__init__.py', reloading
2025-03-02 14:36:35,993 INFO:  * Detected change in 'C:\\Program Files\\WindowsApps\\PythonSoftwareFoundation.Python.3.11_3.11.2544.0_x64__qbz5n2kfra8p0\\Lib\\site-packages\\pip\\_vendor\\chardet\\charsetgroupprober.py', reloading
2025-03-02 14:36:36,008 INFO:  * Detected change in 'C:\\Program Files\\WindowsApps\\PythonSoftwareFoundation.Python.3.11_3.11.2544.0_x64__qbz5n2kfra8p0\\Lib\\site-packages\\pip\\_vendor\\chardet\\charsetprober.py', reloading
2025-03-02 14:36:36,022 INFO:  * Detected change in 'C:\\Program Files\\WindowsApps\\PythonSoftwareFoundation.Python.3.11_3.11.2544.0_x64__qbz5n2kfra8p0\\Lib\\site-packages\\pip\\_vendor\\chardet\\enums.py', reloading
2025-03-02 14:36:36,034 INFO:  * Detected change in 'C:\\Program Files\\WindowsApps\\PythonSoftwareFoundation.Python.3.11_3.11.2544.0_x64__qbz5n2kfra8p0\\Lib\\site-packages\\pip\\_vendor\\chardet\\resultdict.py', reloading
2025-03-02 14:36:36,048 INFO:  * Detected change in 'C:\\Program Files\\WindowsApps\\PythonSoftwareFoundation.Python.3.11_3.11.2544.0_x64__qbz5n2kfra8p0\\Lib\\site-packages\\pip\\_vendor\\chardet\\universaldetector.py', reloading
2025-03-02 14:36:36,059 INFO:  * Detected change in 'C:\\Program Files\\WindowsApps\\PythonSoftwareFoundation.Python.3.11_3.11.2544.0_x64__qbz5n2kfra8p0\\Lib\\site-packages\\pip\\_vendor\\chardet\\escprober.py', reloading
2025-03-02 14:36:36,070 INFO:  * Detected change in 'C:\\Program Files\\WindowsApps\\PythonSoftwareFoundation.Python.3.11_3.11.2544.0_x64__qbz5n2kfra8p0\\Lib\\site-packages\\pip\\_vendor\\chardet\\codingstatemachine.py', reloading
2025-03-02 14:36:36,079 INFO:  * Detected change in 'C:\\Program Files\\WindowsApps\\PythonSoftwareFoundation.Python.3.11_3.11.2544.0_x64__qbz5n2kfra8p0\\Lib\\site-packages\\pip\\_vendor\\chardet\\codingstatemachinedict.py', reloading
2025-03-02 14:36:36,090 INFO:  * Detected change in 'C:\\Program Files\\WindowsApps\\PythonSoftwareFoundation.Python.3.11_3.11.2544.0_x64__qbz5n2kfra8p0\\Lib\\site-packages\\pip\\_vendor\\chardet\\escsm.py', reloading
2025-03-02 14:36:36,100 INFO:  * Detected change in 'C:\\Program Files\\WindowsApps\\PythonSoftwareFoundation.Python.3.11_3.11.2544.0_x64__qbz5n2kfra8p0\\Lib\\site-packages\\pip\\_vendor\\chardet\\latin1prober.py', reloading
2025-03-02 14:36:36,111 INFO:  * Detected change in 'C:\\Program Files\\WindowsApps\\PythonSoftwareFoundation.Python.3.11_3.11.2544.0_x64__qbz5n2kfra8p0\\Lib\\site-packages\\pip\\_vendor\\chardet\\macromanprober.py', reloading
2025-03-02 14:36:36,121 INFO:  * Detected change in 'C:\\Program Files\\WindowsApps\\PythonSoftwareFoundation.Python.3.11_3.11.2544.0_x64__qbz5n2kfra8p0\\Lib\\site-packages\\pip\\_vendor\\chardet\\mbcsgroupprober.py', reloading
2025-03-02 14:36:36,134 INFO:  * Detected change in 'C:\\Program Files\\WindowsApps\\PythonSoftwareFoundation.Python.3.11_3.11.2544.0_x64__qbz5n2kfra8p0\\Lib\\site-packages\\pip\\_vendor\\chardet\\big5prober.py', reloading
2025-03-02 14:36:36,145 INFO:  * Detected change in 'C:\\Program Files\\WindowsApps\\PythonSoftwareFoundation.Python.3.11_3.11.2544.0_x64__qbz5n2kfra8p0\\Lib\\site-packages\\pip\\_vendor\\chardet\\chardistribution.py', reloading
2025-03-02 14:36:36,157 INFO:  * Detected change in 'C:\\Program Files\\WindowsApps\\PythonSoftwareFoundation.Python.3.11_3.11.2544.0_x64__qbz5n2kfra8p0\\Lib\\site-packages\\pip\\_vendor\\chardet\\big5freq.py', reloading
2025-03-02 14:36:36,168 INFO:  * Detected change in 'C:\\Program Files\\WindowsApps\\PythonSoftwareFoundation.Python.3.11_3.11.2544.0_x64__qbz5n2kfra8p0\\Lib\\site-packages\\pip\\_vendor\\chardet\\euckrfreq.py', reloading
2025-03-02 14:36:36,180 INFO:  * Detected change in 'C:\\Program Files\\WindowsApps\\PythonSoftwareFoundation.Python.3.11_3.11.2544.0_x64__qbz5n2kfra8p0\\Lib\\site-packages\\pip\\_vendor\\chardet\\euctwfreq.py', reloading
2025-03-02 14:36:36,191 INFO:  * Detected change in 'C:\\Program Files\\WindowsApps\\PythonSoftwareFoundation.Python.3.11_3.11.2544.0_x64__qbz5n2kfra8p0\\Lib\\site-packages\\pip\\_vendor\\chardet\\gb2312freq.py', reloading
2025-03-02 14:36:36,202 INFO:  * Detected change in 'C:\\Program Files\\WindowsApps\\PythonSoftwareFoundation.Python.3.11_3.11.2544.0_x64__qbz5n2kfra8p0\\Lib\\site-packages\\pip\\_vendor\\chardet\\jisfreq.py', reloading
2025-03-02 14:36:36,216 INFO:  * Detected change in 'C:\\Program Files\\WindowsApps\\PythonSoftwareFoundation.Python.3.11_3.11.2544.0_x64__qbz5n2kfra8p0\\Lib\\site-packages\\pip\\_vendor\\chardet\\johabfreq.py', reloading
2025-03-02 14:36:36,227 INFO:  * Detected change in 'C:\\Program Files\\WindowsApps\\PythonSoftwareFoundation.Python.3.11_3.11.2544.0_x64__qbz5n2kfra8p0\\Lib\\site-packages\\pip\\_vendor\\chardet\\mbcharsetprober.py', reloading
2025-03-02 14:36:36,239 INFO:  * Detected change in 'C:\\Program Files\\WindowsApps\\PythonSoftwareFoundation.Python.3.11_3.11.2544.0_x64__qbz5n2kfra8p0\\Lib\\site-packages\\pip\\_vendor\\chardet\\mbcssm.py', reloading
2025-03-02 14:36:36,250 INFO:  * Detected change in 'C:\\Program Files\\WindowsApps\\PythonSoftwareFoundation.Python.3.11_3.11.2544.0_x64__qbz5n2kfra8p0\\Lib\\site-packages\\pip\\_vendor\\chardet\\cp949prober.py', reloading
2025-03-02 14:36:36,262 INFO:  * Detected change in 'C:\\Program Files\\WindowsApps\\PythonSoftwareFoundation.Python.3.11_3.11.2544.0_x64__qbz5n2kfra8p0\\Lib\\site-packages\\pip\\_vendor\\chardet\\eucjpprober.py', reloading
2025-03-02 14:36:36,274 INFO:  * Detected change in 'C:\\Program Files\\WindowsApps\\PythonSoftwareFoundation.Python.3.11_3.11.2544.0_x64__qbz5n2kfra8p0\\Lib\\site-packages\\pip\\_vendor\\chardet\\jpcntx.py', reloading
2025-03-02 14:36:36,284 INFO:  * Detected change in 'C:\\Program Files\\WindowsApps\\PythonSoftwareFoundation.Python.3.11_3.11.2544.0_x64__qbz5n2kfra8p0\\Lib\\site-packages\\pip\\_vendor\\chardet\\euckrprober.py', reloading
2025-03-02 14:36:36,293 INFO:  * Detected change in 'C:\\Program Files\\WindowsApps\\PythonSoftwareFoundation.Python.3.11_3.11.2544.0_x64__qbz5n2kfra8p0\\Lib\\site-packages\\pip\\_vendor\\chardet\\euctwprober.py', reloading
2025-03-02 14:36:36,302 INFO:  * Detected change in 'C:\\Program Files\\WindowsApps\\PythonSoftwareFoundation.Python.3.11_3.11.2544.0_x64__qbz5n2kfra8p0\\Lib\\site-packages\\pip\\_vendor\\chardet\\gb2312prober.py', reloading
2025-03-02 14:36:36,311 INFO:  * Detected change in 'C:\\Program Files\\WindowsApps\\PythonSoftwareFoundation.Python.3.11_3.11.2544.0_x64__qbz5n2kfra8p0\\Lib\\site-packages\\pip\\_vendor\\chardet\\johabprober.py', reloading
2025-03-02 14:36:36,321 INFO:  * Detected change in 'C:\\Program Files\\WindowsApps\\PythonSoftwareFoundation.Python.3.11_3.11.2544.0_x64__qbz5n2kfra8p0\\Lib\\site-packages\\pip\\_vendor\\chardet\\sjisprober.py', reloading
2025-03-02 14:36:36,392 INFO:  * Restarting with watchdog (windowsapi)
2025-03-02 14:36:36,946 ERROR: Model file 'final_model_pipeline' not found at: c:\Users\hgqh3\OneDrive\Desktop\mlops\final_model_pipeline
2025-03-02 14:36:36,955 WARNING:  * Debugger is active!
2025-03-02 14:36:36,957 INFO:  * Debugger PIN: 550-490-599
2025-03-02 14:36:37,002 INFO:  * Detected change in 'C:\\Program Files\\WindowsApps\\PythonSoftwareFoundation.Python.3.11_3.11.2544.0_x64__qbz5n2kfra8p0\\Lib\\site-packages\\pip\\_internal\\metadata\\_json.py', reloading
2025-03-02 14:36:37,015 INFO:  * Detected change in 'C:\\Program Files\\WindowsApps\\PythonSoftwareFoundation.Python.3.11_3.11.2544.0_x64__qbz5n2kfra8p0\\Lib\\site-packages\\pip\\_internal\\utils\\subprocess.py', reloading
2025-03-02 14:36:37,026 INFO:  * Detected change in 'C:\\Program Files\\WindowsApps\\PythonSoftwareFoundation.Python.3.11_3.11.2544.0_x64__qbz5n2kfra8p0\\Lib\\site-packages\\pip\\_internal\\utils\\temp_dir.py', reloading
2025-03-02 14:36:37,039 INFO:  * Detected change in 'C:\\Program Files\\WindowsApps\\PythonSoftwareFoundation.Python.3.11_3.11.2544.0_x64__qbz5n2kfra8p0\\Lib\\site-packages\\pip\\_internal\\cli\\cmdoptions.py', reloading
2025-03-02 14:36:37,050 INFO:  * Detected change in 'C:\\Program Files\\WindowsApps\\PythonSoftwareFoundation.Python.3.11_3.11.2544.0_x64__qbz5n2kfra8p0\\Lib\\site-packages\\pip\\_internal\\cli\\parser.py', reloading
2025-03-02 14:36:37,059 INFO:  * Detected change in 'C:\\Program Files\\WindowsApps\\PythonSoftwareFoundation.Python.3.11_3.11.2544.0_x64__qbz5n2kfra8p0\\Lib\\site-packages\\pip\\_internal\\cli\\status_codes.py', reloading
2025-03-02 14:36:37,071 INFO:  * Detected change in 'C:\\Program Files\\WindowsApps\\PythonSoftwareFoundation.Python.3.11_3.11.2544.0_x64__qbz5n2kfra8p0\\Lib\\site-packages\\pip\\_internal\\configuration.py', reloading
2025-03-02 14:36:37,081 INFO:  * Detected change in 'C:\\Program Files\\WindowsApps\\PythonSoftwareFoundation.Python.3.11_3.11.2544.0_x64__qbz5n2kfra8p0\\Lib\\site-packages\\pip\\_internal\\models\\format_control.py', reloading
2025-03-02 14:36:37,092 INFO:  * Detected change in 'C:\\Program Files\\WindowsApps\\PythonSoftwareFoundation.Python.3.11_3.11.2544.0_x64__qbz5n2kfra8p0\\Lib\\site-packages\\pip\\_internal\\models\\index.py', reloading
2025-03-02 14:36:37,103 INFO:  * Detected change in 'C:\\Program Files\\WindowsApps\\PythonSoftwareFoundation.Python.3.11_3.11.2544.0_x64__qbz5n2kfra8p0\\Lib\\site-packages\\pip\\_internal\\models\\target_python.py', reloading
2025-03-02 14:36:37,112 INFO:  * Detected change in 'C:\\Program Files\\WindowsApps\\PythonSoftwareFoundation.Python.3.11_3.11.2544.0_x64__qbz5n2kfra8p0\\Lib\\site-packages\\pip\\_internal\\utils\\compatibility_tags.py', reloading
2025-03-02 14:36:37,123 INFO:  * Detected change in 'C:\\Program Files\\WindowsApps\\PythonSoftwareFoundation.Python.3.11_3.11.2544.0_x64__qbz5n2kfra8p0\\Lib\\site-packages\\pip\\_internal\\utils\\hashes.py', reloading
2025-03-02 14:36:37,134 INFO:  * Detected change in 'C:\\Program Files\\WindowsApps\\PythonSoftwareFoundation.Python.3.11_3.11.2544.0_x64__qbz5n2kfra8p0\\Lib\\site-packages\\pip\\_internal\\commands\\__init__.py', reloading
2025-03-02 14:36:37,144 INFO:  * Detected change in 'C:\\Program Files\\WindowsApps\\PythonSoftwareFoundation.Python.3.11_3.11.2544.0_x64__qbz5n2kfra8p0\\Lib\\site-packages\\pip\\_internal\\cli\\base_command.py', reloading
2025-03-02 14:36:37,155 INFO:  * Detected change in 'C:\\Program Files\\WindowsApps\\PythonSoftwareFoundation.Python.3.11_3.11.2544.0_x64__qbz5n2kfra8p0\\Lib\\site-packages\\pip\\_internal\\cli\\command_context.py', reloading
2025-03-02 14:36:37,166 INFO:  * Detected change in 'C:\\Program Files\\WindowsApps\\PythonSoftwareFoundation.Python.3.11_3.11.2544.0_x64__qbz5n2kfra8p0\\Lib\\site-packages\\pip\\_internal\\utils\\filesystem.py', reloading
2025-03-02 14:36:37,189 INFO:  * Detected change in 'C:\\Program Files\\WindowsApps\\PythonSoftwareFoundation.Python.3.11_3.11.2544.0_x64__qbz5n2kfra8p0\\Lib\\site-packages\\pip\\_internal\\commands\\show.py', reloading
2025-03-02 14:36:37,202 INFO:  * Detected change in 'C:\\Program Files\\WindowsApps\\PythonSoftwareFoundation.Python.3.11_3.11.2544.0_x64__qbz5n2kfra8p0\\Lib\\site-packages\\pip\\_vendor\\rich\\_windows.py', reloading
2025-03-02 14:36:37,216 INFO:  * Detected change in 'C:\\Program Files\\WindowsApps\\PythonSoftwareFoundation.Python.3.11_3.11.2544.0_x64__qbz5n2kfra8p0\\Lib\\site-packages\\pip\\_vendor\\rich\\_win32_console.py', reloading
2025-03-02 14:36:37,234 INFO:  * Detected change in 'C:\\Program Files\\WindowsApps\\PythonSoftwareFoundation.Python.3.11_3.11.2544.0_x64__qbz5n2kfra8p0\\Lib\\site-packages\\pip\\_internal\\metadata\\importlib\\__init__.py', reloading
2025-03-02 14:36:37,245 INFO:  * Detected change in 'C:\\Program Files\\WindowsApps\\PythonSoftwareFoundation.Python.3.11_3.11.2544.0_x64__qbz5n2kfra8p0\\Lib\\site-packages\\pip\\_internal\\metadata\\importlib\\_dists.py', reloading
2025-03-02 14:36:37,256 INFO:  * Detected change in 'C:\\Program Files\\WindowsApps\\PythonSoftwareFoundation.Python.3.11_3.11.2544.0_x64__qbz5n2kfra8p0\\Lib\\site-packages\\pip\\_internal\\utils\\wheel.py', reloading
2025-03-02 14:36:37,267 INFO:  * Detected change in 'C:\\Program Files\\WindowsApps\\PythonSoftwareFoundation.Python.3.11_3.11.2544.0_x64__qbz5n2kfra8p0\\Lib\\site-packages\\pip\\_internal\\metadata\\importlib\\_compat.py', reloading
2025-03-02 14:36:37,279 INFO:  * Detected change in 'C:\\Program Files\\WindowsApps\\PythonSoftwareFoundation.Python.3.11_3.11.2544.0_x64__qbz5n2kfra8p0\\Lib\\site-packages\\pip\\_internal\\metadata\\importlib\\_envs.py', reloading
2025-03-02 14:36:37,290 INFO:  * Detected change in 'C:\\Program Files\\WindowsApps\\PythonSoftwareFoundation.Python.3.11_3.11.2544.0_x64__qbz5n2kfra8p0\\Lib\\site-packages\\pip\\_internal\\models\\wheel.py', reloading
2025-03-02 14:36:37,300 INFO:  * Detected change in 'C:\\Program Files\\WindowsApps\\PythonSoftwareFoundation.Python.3.11_3.11.2544.0_x64__qbz5n2kfra8p0\\Lib\\site-packages\\pip\\_internal\\utils\\filetypes.py', reloading
2025-03-02 14:36:37,315 INFO:  * Detected change in 'C:\\Program Files\\WindowsApps\\PythonSoftwareFoundation.Python.3.11_3.11.2544.0_x64__qbz5n2kfra8p0\\Lib\\site-packages\\pip\\_vendor\\pkg_resources\\__init__.py', reloading
2025-03-02 14:36:37,336 INFO:  * Detected change in 'C:\\Program Files\\WindowsApps\\PythonSoftwareFoundation.Python.3.11_3.11.2544.0_x64__qbz5n2kfra8p0\\Lib\\site-packages\\pip\\_internal\\utils\\_jaraco_text.py', reloading
2025-03-02 14:36:37,487 INFO:  * Detected change in 'C:\\Program Files\\WindowsApps\\PythonSoftwareFoundation.Python.3.11_3.11.2544.0_x64__qbz5n2kfra8p0\\Lib\\site-packages\\pip\\_internal\\metadata\\pkg_resources.py', reloading
2025-03-02 14:36:38,061 INFO:  * Restarting with watchdog (windowsapi)
2025-03-02 14:36:38,579 ERROR: Model file 'final_model_pipeline' not found at: c:\Users\hgqh3\OneDrive\Desktop\mlops\final_model_pipeline
2025-03-02 14:36:38,588 WARNING:  * Debugger is active!
2025-03-02 14:36:38,590 INFO:  * Debugger PIN: 550-490-599
2025-03-02 14:40:59,271 INFO:  * Detected change in 'c:\\Users\\hgqh3\\OneDrive\\Desktop\\mlops\\app.py', reloading
2025-03-02 14:40:59,272 INFO:  * Detected change in 'c:\\Users\\hgqh3\\OneDrive\\Desktop\\mlops\\app.py', reloading
2025-03-02 14:40:59,272 INFO:  * Detected change in 'c:\\Users\\hgqh3\\OneDrive\\Desktop\\mlops\\app.py', reloading
2025-03-02 14:41:12,203 INFO: [31m[1mWARNING: This is a development server. Do not use it in a production deployment. Use a production WSGI server instead.[0m
 * Running on http://127.0.0.1:8000
2025-03-02 14:41:12,203 INFO: [33mPress CTRL+C to quit[0m
2025-03-02 14:41:12,209 INFO:  * Restarting with watchdog (windowsapi)
2025-03-02 14:41:16,307 WARNING:  * Debugger is active!
2025-03-02 14:41:16,309 INFO:  * Debugger PIN: 550-490-599
2025-03-02 14:41:24,292 ERROR: Prediction error: "['Distance'] not in index"
2025-03-02 14:41:24,292 INFO: 127.0.0.1 - - [02/Mar/2025 14:41:24] "POST /predict HTTP/1.1" 200 -
2025-03-02 14:42:07,637 INFO:  * Detected change in 'c:\\Users\\hgqh3\\OneDrive\\Desktop\\mlops\\app.py', reloading
2025-03-02 14:42:07,638 INFO:  * Detected change in 'c:\\Users\\hgqh3\\OneDrive\\Desktop\\mlops\\app.py', reloading
2025-03-02 14:42:07,638 INFO:  * Detected change in 'c:\\Users\\hgqh3\\OneDrive\\Desktop\\mlops\\app.py', reloading
2025-03-02 14:42:08,939 INFO:  * Restarting with watchdog (windowsapi)
2025-03-02 14:42:13,036 WARNING:  * Debugger is active!
2025-03-02 14:42:13,038 INFO:  * Debugger PIN: 550-490-599
2025-03-02 14:42:46,767 ERROR: Prediction error: "['Type'] not in index"
2025-03-02 14:42:46,768 INFO: 127.0.0.1 - - [02/Mar/2025 14:42:46] "POST /predict HTTP/1.1" 200 -
2025-03-02 14:46:06,240 ERROR: Prediction error: 'Distance'
2025-03-02 14:46:06,240 INFO: 127.0.0.1 - - [02/Mar/2025 14:46:06] "POST /predict HTTP/1.1" 200 -
2025-03-02 14:46:50,534 ERROR: Prediction error: "['Type'] not in index"
2025-03-02 14:46:50,534 INFO: 127.0.0.1 - - [02/Mar/2025 14:46:50] "POST /predict HTTP/1.1" 200 -
2025-03-02 14:50:19,354 ERROR: Prediction error: "['Type'] not in index"
2025-03-02 14:50:19,354 INFO: 127.0.0.1 - - [02/Mar/2025 14:50:19] "POST /predict HTTP/1.1" 200 -
2025-03-02 14:52:41,283 ERROR: Prediction error: "['Type'] not in index"
2025-03-02 14:52:41,283 INFO: 127.0.0.1 - - [02/Mar/2025 14:52:41] "POST /predict HTTP/1.1" 200 -
2025-03-02 14:52:58,136 ERROR: Prediction error: 'PropertyType'
2025-03-02 14:52:58,136 INFO: 127.0.0.1 - - [02/Mar/2025 14:52:58] "POST /predict HTTP/1.1" 200 -
2025-03-02 14:53:04,587 INFO:  * Detected change in 'c:\\Users\\hgqh3\\OneDrive\\Desktop\\mlops\\app.py', reloading
2025-03-02 14:53:04,587 INFO:  * Detected change in 'c:\\Users\\hgqh3\\OneDrive\\Desktop\\mlops\\app.py', reloading
2025-03-02 14:53:04,588 INFO:  * Detected change in 'c:\\Users\\hgqh3\\OneDrive\\Desktop\\mlops\\app.py', reloading
2025-03-02 14:53:05,888 INFO:  * Restarting with watchdog (windowsapi)
2025-03-02 14:53:10,065 WARNING:  * Debugger is active!
2025-03-02 14:53:10,067 INFO:  * Debugger PIN: 550-490-599
2025-03-02 14:53:20,504 INFO: 127.0.0.1 - - [02/Mar/2025 14:53:20] "POST /predict HTTP/1.1" 200 -
2025-03-02 15:16:43,984 INFO: 127.0.0.1 - - [02/Mar/2025 15:16:43] "POST /predict HTTP/1.1" 200 -
2025-03-02 16:27:57,882 INFO:  * Detected change in 'c:\\Users\\hgqh3\\OneDrive\\Desktop\\mlops\\app.py', reloading
2025-03-02 16:27:57,889 INFO:  * Detected change in 'c:\\Users\\hgqh3\\OneDrive\\Desktop\\mlops\\templates\\test.py', reloading
2025-03-02 16:27:59,619 INFO:  * Restarting with watchdog (windowsapi)
2025-03-02 16:28:03,971 WARNING:  * Debugger is active!
2025-03-02 16:28:03,973 INFO:  * Debugger PIN: 550-490-599
